2023-02-04 18:51:57,550 - mmcls - INFO - Environment info:
------------------------------------------------------------
sys.platform: linux
Python: 3.8.10 (default, Jun  4 2021, 15:09:15) [GCC 7.5.0]
CUDA available: True
GPU 0: NVIDIA GeForce RTX 3090
CUDA_HOME: /usr/local/cuda
NVCC: Cuda compilation tools, release 11.3, V11.3.109
GCC: gcc (Ubuntu 9.3.0-17ubuntu1~20.04) 9.3.0
PyTorch: 1.10.0+cu113
PyTorch compiling details: PyTorch built with:
  - GCC 7.3
  - C++ Version: 201402
  - Intel(R) Math Kernel Library Version 2020.0.0 Product Build 20191122 for Intel(R) 64 architecture applications
  - Intel(R) MKL-DNN v2.2.3 (Git Hash 7336ca9f055cf1bfa13efb658fe15dc9b41f0740)
  - OpenMP 201511 (a.k.a. OpenMP 4.5)
  - LAPACK is enabled (usually provided by MKL)
  - NNPACK is enabled
  - CPU capability usage: AVX512
  - CUDA Runtime 11.3
  - NVCC architecture flags: -gencode;arch=compute_37,code=sm_37;-gencode;arch=compute_50,code=sm_50;-gencode;arch=compute_60,code=sm_60;-gencode;arch=compute_70,code=sm_70;-gencode;arch=compute_75,code=sm_75;-gencode;arch=compute_80,code=sm_80;-gencode;arch=compute_86,code=sm_86
  - CuDNN 8.2
  - Magma 2.5.2
  - Build settings: BLAS_INFO=mkl, BUILD_TYPE=Release, CUDA_VERSION=11.3, CUDNN_VERSION=8.2.0, CXX_COMPILER=/opt/rh/devtoolset-7/root/usr/bin/c++, CXX_FLAGS= -Wno-deprecated -fvisibility-inlines-hidden -DUSE_PTHREADPOOL -fopenmp -DNDEBUG -DUSE_KINETO -DUSE_FBGEMM -DUSE_QNNPACK -DUSE_PYTORCH_QNNPACK -DUSE_XNNPACK -DSYMBOLICATE_MOBILE_DEBUG_HANDLE -DEDGE_PROFILER_USE_KINETO -O2 -fPIC -Wno-narrowing -Wall -Wextra -Werror=return-type -Wno-missing-field-initializers -Wno-type-limits -Wno-array-bounds -Wno-unknown-pragmas -Wno-sign-compare -Wno-unused-parameter -Wno-unused-variable -Wno-unused-function -Wno-unused-result -Wno-unused-local-typedefs -Wno-strict-overflow -Wno-strict-aliasing -Wno-error=deprecated-declarations -Wno-stringop-overflow -Wno-psabi -Wno-error=pedantic -Wno-error=redundant-decls -Wno-error=old-style-cast -fdiagnostics-color=always -faligned-new -Wno-unused-but-set-variable -Wno-maybe-uninitialized -fno-math-errno -fno-trapping-math -Werror=format -Wno-stringop-overflow, LAPACK_INFO=mkl, PERF_WITH_AVX=1, PERF_WITH_AVX2=1, PERF_WITH_AVX512=1, TORCH_VERSION=1.10.0, USE_CUDA=ON, USE_CUDNN=ON, USE_EXCEPTION_PTR=1, USE_GFLAGS=OFF, USE_GLOG=OFF, USE_MKL=ON, USE_MKLDNN=ON, USE_MPI=OFF, USE_NCCL=ON, USE_NNPACK=ON, USE_OPENMP=ON, 

TorchVision: 0.11.1+cu113
OpenCV: 4.6.0
MMCV: 1.6.0
MMCV Compiler: GCC 9.3
MMCV CUDA Compiler: 11.3
MMClassification: 0.25.0+3d4f80d
------------------------------------------------------------

2023-02-04 18:51:57,550 - mmcls - INFO - Distributed training: False
2023-02-04 18:51:57,713 - mmcls - INFO - Config:
model = dict(
    type='ImageClassifier',
    backbone=dict(type='MobileNetV2', widen_factor=1.0),
    neck=dict(type='GlobalAveragePooling'),
    head=dict(
        type='LinearClsHead',
        num_classes=5,
        in_channels=1280,
        loss=dict(type='CrossEntropyLoss', loss_weight=1.0),
        topk=(1, )))
dataset_type = 'CustomDataset'
img_norm_cfg = dict(
    mean=[123.675, 116.28, 103.53], std=[58.395, 57.12, 57.375], to_rgb=True)
train_pipeline = [
    dict(type='LoadImageFromFile'),
    dict(type='RandomResizedCrop', size=224, backend='pillow'),
    dict(type='RandomFlip', flip_prob=0.5, direction='horizontal'),
    dict(
        type='Normalize',
        mean=[123.675, 116.28, 103.53],
        std=[58.395, 57.12, 57.375],
        to_rgb=True),
    dict(type='ImageToTensor', keys=['img']),
    dict(type='ToTensor', keys=['gt_label']),
    dict(type='Collect', keys=['img', 'gt_label'])
]
test_pipeline = [
    dict(type='LoadImageFromFile'),
    dict(type='Resize', size=(256, -1), backend='pillow'),
    dict(type='CenterCrop', crop_size=224),
    dict(
        type='Normalize',
        mean=[123.675, 116.28, 103.53],
        std=[58.395, 57.12, 57.375],
        to_rgb=True),
    dict(type='ImageToTensor', keys=['img']),
    dict(type='Collect', keys=['img'])
]
data = dict(
    samples_per_gpu=32,
    workers_per_gpu=2,
    train=dict(
        type='CustomDataset',
        data_prefix='data/flower_split/train',
        pipeline=[
            dict(type='LoadImageFromFile'),
            dict(type='RandomResizedCrop', size=224, backend='pillow'),
            dict(type='RandomFlip', flip_prob=0.5, direction='horizontal'),
            dict(
                type='Normalize',
                mean=[123.675, 116.28, 103.53],
                std=[58.395, 57.12, 57.375],
                to_rgb=True),
            dict(type='ImageToTensor', keys=['img']),
            dict(type='ToTensor', keys=['gt_label']),
            dict(type='Collect', keys=['img', 'gt_label'])
        ],
        ann_file='data/flower_split/train.txt',
        classes='data/flower_split/classes.txt'),
    val=dict(
        type='CustomDataset',
        data_prefix='data/flower_split/val',
        ann_file='data/flower_split/val.txt',
        pipeline=[
            dict(type='LoadImageFromFile'),
            dict(type='Resize', size=(256, -1), backend='pillow'),
            dict(type='CenterCrop', crop_size=224),
            dict(
                type='Normalize',
                mean=[123.675, 116.28, 103.53],
                std=[58.395, 57.12, 57.375],
                to_rgb=True),
            dict(type='ImageToTensor', keys=['img']),
            dict(type='Collect', keys=['img'])
        ],
        classes='data/flower_split/classes.txt'),
    test=dict(
        type='ImageNet',
        data_prefix='data/imagenet/val',
        ann_file='data/imagenet/meta/val.txt',
        pipeline=[
            dict(type='LoadImageFromFile'),
            dict(type='Resize', size=(256, -1), backend='pillow'),
            dict(type='CenterCrop', crop_size=224),
            dict(
                type='Normalize',
                mean=[123.675, 116.28, 103.53],
                std=[58.395, 57.12, 57.375],
                to_rgb=True),
            dict(type='ImageToTensor', keys=['img']),
            dict(type='Collect', keys=['img'])
        ]))
evaluation = dict(
    interval=1,
    metric=['accuracy', 'precision', 'f1_score'],
    metric_options=dict(topk=(1, )))
optimizer = dict(type='SGD', lr=0.0012, momentum=0.9, weight_decay=0.0001)
optimizer_config = dict(grad_clip=None)
lr_config = dict(policy='step', gamma=0.98, step=[4, 8])
runner = dict(type='EpochBasedRunner', max_epochs=10)
checkpoint_config = dict(interval=5)
log_config = dict(interval=100, hooks=[dict(type='TextLoggerHook')])
dist_params = dict(backend='nccl')
log_level = 'INFO'
load_from = '/root/mmclassification/work_dirs/mobilenet-v2_8xb32_flowercls/best.pth'
resume_from = None
workflow = [('train', 1)]
work_dir = './work_dirs/mobilenet-v2_8xb32_flowercls'
gpu_ids = [0]

2023-02-04 18:51:57,713 - mmcls - INFO - Set random seed to 815559726, deterministic: False
2023-02-04 18:51:57,773 - mmcls - INFO - initialize MobileNetV2 with init_cfg [{'type': 'Kaiming', 'layer': ['Conv2d']}, {'type': 'Constant', 'val': 1, 'layer': ['_BatchNorm', 'GroupNorm']}]
2023-02-04 18:51:57,803 - mmcls - INFO - initialize LinearClsHead with init_cfg {'type': 'Normal', 'layer': 'Linear', 'std': 0.01}
Name of parameter - Initialization information

backbone.conv1.conv.weight - torch.Size([32, 3, 3, 3]): 
Initialized by user-defined `init_weights` in ConvModule  

backbone.conv1.bn.weight - torch.Size([32]): 
The value is the same before and after calling `init_weights` of ImageClassifier  

backbone.conv1.bn.bias - torch.Size([32]): 
The value is the same before and after calling `init_weights` of ImageClassifier  

backbone.layer1.0.conv.0.conv.weight - torch.Size([32, 1, 3, 3]): 
KaimingInit: a=0, mode=fan_out, nonlinearity=relu, distribution =normal, bias=0 

backbone.layer1.0.conv.0.bn.weight - torch.Size([32]): 
The value is the same before and after calling `init_weights` of ImageClassifier  

backbone.layer1.0.conv.0.bn.bias - torch.Size([32]): 
The value is the same before and after calling `init_weights` of ImageClassifier  

backbone.layer1.0.conv.1.conv.weight - torch.Size([16, 32, 1, 1]): 
KaimingInit: a=0, mode=fan_out, nonlinearity=relu, distribution =normal, bias=0 

backbone.layer1.0.conv.1.bn.weight - torch.Size([16]): 
The value is the same before and after calling `init_weights` of ImageClassifier  

backbone.layer1.0.conv.1.bn.bias - torch.Size([16]): 
The value is the same before and after calling `init_weights` of ImageClassifier  

backbone.layer2.0.conv.0.conv.weight - torch.Size([96, 16, 1, 1]): 
KaimingInit: a=0, mode=fan_out, nonlinearity=relu, distribution =normal, bias=0 

backbone.layer2.0.conv.0.bn.weight - torch.Size([96]): 
The value is the same before and after calling `init_weights` of ImageClassifier  

backbone.layer2.0.conv.0.bn.bias - torch.Size([96]): 
The value is the same before and after calling `init_weights` of ImageClassifier  

backbone.layer2.0.conv.1.conv.weight - torch.Size([96, 1, 3, 3]): 
KaimingInit: a=0, mode=fan_out, nonlinearity=relu, distribution =normal, bias=0 

backbone.layer2.0.conv.1.bn.weight - torch.Size([96]): 
The value is the same before and after calling `init_weights` of ImageClassifier  

backbone.layer2.0.conv.1.bn.bias - torch.Size([96]): 
The value is the same before and after calling `init_weights` of ImageClassifier  

backbone.layer2.0.conv.2.conv.weight - torch.Size([24, 96, 1, 1]): 
KaimingInit: a=0, mode=fan_out, nonlinearity=relu, distribution =normal, bias=0 

backbone.layer2.0.conv.2.bn.weight - torch.Size([24]): 
The value is the same before and after calling `init_weights` of ImageClassifier  

backbone.layer2.0.conv.2.bn.bias - torch.Size([24]): 
The value is the same before and after calling `init_weights` of ImageClassifier  

backbone.layer2.1.conv.0.conv.weight - torch.Size([144, 24, 1, 1]): 
KaimingInit: a=0, mode=fan_out, nonlinearity=relu, distribution =normal, bias=0 

backbone.layer2.1.conv.0.bn.weight - torch.Size([144]): 
The value is the same before and after calling `init_weights` of ImageClassifier  

backbone.layer2.1.conv.0.bn.bias - torch.Size([144]): 
The value is the same before and after calling `init_weights` of ImageClassifier  

backbone.layer2.1.conv.1.conv.weight - torch.Size([144, 1, 3, 3]): 
KaimingInit: a=0, mode=fan_out, nonlinearity=relu, distribution =normal, bias=0 

backbone.layer2.1.conv.1.bn.weight - torch.Size([144]): 
The value is the same before and after calling `init_weights` of ImageClassifier  

backbone.layer2.1.conv.1.bn.bias - torch.Size([144]): 
The value is the same before and after calling `init_weights` of ImageClassifier  

backbone.layer2.1.conv.2.conv.weight - torch.Size([24, 144, 1, 1]): 
KaimingInit: a=0, mode=fan_out, nonlinearity=relu, distribution =normal, bias=0 

backbone.layer2.1.conv.2.bn.weight - torch.Size([24]): 
The value is the same before and after calling `init_weights` of ImageClassifier  

backbone.layer2.1.conv.2.bn.bias - torch.Size([24]): 
The value is the same before and after calling `init_weights` of ImageClassifier  

backbone.layer3.0.conv.0.conv.weight - torch.Size([144, 24, 1, 1]): 
KaimingInit: a=0, mode=fan_out, nonlinearity=relu, distribution =normal, bias=0 

backbone.layer3.0.conv.0.bn.weight - torch.Size([144]): 
The value is the same before and after calling `init_weights` of ImageClassifier  

backbone.layer3.0.conv.0.bn.bias - torch.Size([144]): 
The value is the same before and after calling `init_weights` of ImageClassifier  

backbone.layer3.0.conv.1.conv.weight - torch.Size([144, 1, 3, 3]): 
KaimingInit: a=0, mode=fan_out, nonlinearity=relu, distribution =normal, bias=0 

backbone.layer3.0.conv.1.bn.weight - torch.Size([144]): 
The value is the same before and after calling `init_weights` of ImageClassifier  

backbone.layer3.0.conv.1.bn.bias - torch.Size([144]): 
The value is the same before and after calling `init_weights` of ImageClassifier  

backbone.layer3.0.conv.2.conv.weight - torch.Size([32, 144, 1, 1]): 
KaimingInit: a=0, mode=fan_out, nonlinearity=relu, distribution =normal, bias=0 

backbone.layer3.0.conv.2.bn.weight - torch.Size([32]): 
The value is the same before and after calling `init_weights` of ImageClassifier  

backbone.layer3.0.conv.2.bn.bias - torch.Size([32]): 
The value is the same before and after calling `init_weights` of ImageClassifier  

backbone.layer3.1.conv.0.conv.weight - torch.Size([192, 32, 1, 1]): 
KaimingInit: a=0, mode=fan_out, nonlinearity=relu, distribution =normal, bias=0 

backbone.layer3.1.conv.0.bn.weight - torch.Size([192]): 
The value is the same before and after calling `init_weights` of ImageClassifier  

backbone.layer3.1.conv.0.bn.bias - torch.Size([192]): 
The value is the same before and after calling `init_weights` of ImageClassifier  

backbone.layer3.1.conv.1.conv.weight - torch.Size([192, 1, 3, 3]): 
KaimingInit: a=0, mode=fan_out, nonlinearity=relu, distribution =normal, bias=0 

backbone.layer3.1.conv.1.bn.weight - torch.Size([192]): 
The value is the same before and after calling `init_weights` of ImageClassifier  

backbone.layer3.1.conv.1.bn.bias - torch.Size([192]): 
The value is the same before and after calling `init_weights` of ImageClassifier  

backbone.layer3.1.conv.2.conv.weight - torch.Size([32, 192, 1, 1]): 
KaimingInit: a=0, mode=fan_out, nonlinearity=relu, distribution =normal, bias=0 

backbone.layer3.1.conv.2.bn.weight - torch.Size([32]): 
The value is the same before and after calling `init_weights` of ImageClassifier  

backbone.layer3.1.conv.2.bn.bias - torch.Size([32]): 
The value is the same before and after calling `init_weights` of ImageClassifier  

backbone.layer3.2.conv.0.conv.weight - torch.Size([192, 32, 1, 1]): 
KaimingInit: a=0, mode=fan_out, nonlinearity=relu, distribution =normal, bias=0 

backbone.layer3.2.conv.0.bn.weight - torch.Size([192]): 
The value is the same before and after calling `init_weights` of ImageClassifier  

backbone.layer3.2.conv.0.bn.bias - torch.Size([192]): 
The value is the same before and after calling `init_weights` of ImageClassifier  

backbone.layer3.2.conv.1.conv.weight - torch.Size([192, 1, 3, 3]): 
KaimingInit: a=0, mode=fan_out, nonlinearity=relu, distribution =normal, bias=0 

backbone.layer3.2.conv.1.bn.weight - torch.Size([192]): 
The value is the same before and after calling `init_weights` of ImageClassifier  

backbone.layer3.2.conv.1.bn.bias - torch.Size([192]): 
The value is the same before and after calling `init_weights` of ImageClassifier  

backbone.layer3.2.conv.2.conv.weight - torch.Size([32, 192, 1, 1]): 
KaimingInit: a=0, mode=fan_out, nonlinearity=relu, distribution =normal, bias=0 

backbone.layer3.2.conv.2.bn.weight - torch.Size([32]): 
The value is the same before and after calling `init_weights` of ImageClassifier  

backbone.layer3.2.conv.2.bn.bias - torch.Size([32]): 
The value is the same before and after calling `init_weights` of ImageClassifier  

backbone.layer4.0.conv.0.conv.weight - torch.Size([192, 32, 1, 1]): 
KaimingInit: a=0, mode=fan_out, nonlinearity=relu, distribution =normal, bias=0 

backbone.layer4.0.conv.0.bn.weight - torch.Size([192]): 
The value is the same before and after calling `init_weights` of ImageClassifier  

backbone.layer4.0.conv.0.bn.bias - torch.Size([192]): 
The value is the same before and after calling `init_weights` of ImageClassifier  

backbone.layer4.0.conv.1.conv.weight - torch.Size([192, 1, 3, 3]): 
KaimingInit: a=0, mode=fan_out, nonlinearity=relu, distribution =normal, bias=0 

backbone.layer4.0.conv.1.bn.weight - torch.Size([192]): 
The value is the same before and after calling `init_weights` of ImageClassifier  

backbone.layer4.0.conv.1.bn.bias - torch.Size([192]): 
The value is the same before and after calling `init_weights` of ImageClassifier  

backbone.layer4.0.conv.2.conv.weight - torch.Size([64, 192, 1, 1]): 
KaimingInit: a=0, mode=fan_out, nonlinearity=relu, distribution =normal, bias=0 

backbone.layer4.0.conv.2.bn.weight - torch.Size([64]): 
The value is the same before and after calling `init_weights` of ImageClassifier  

backbone.layer4.0.conv.2.bn.bias - torch.Size([64]): 
The value is the same before and after calling `init_weights` of ImageClassifier  

backbone.layer4.1.conv.0.conv.weight - torch.Size([384, 64, 1, 1]): 
KaimingInit: a=0, mode=fan_out, nonlinearity=relu, distribution =normal, bias=0 

backbone.layer4.1.conv.0.bn.weight - torch.Size([384]): 
The value is the same before and after calling `init_weights` of ImageClassifier  

backbone.layer4.1.conv.0.bn.bias - torch.Size([384]): 
The value is the same before and after calling `init_weights` of ImageClassifier  

backbone.layer4.1.conv.1.conv.weight - torch.Size([384, 1, 3, 3]): 
KaimingInit: a=0, mode=fan_out, nonlinearity=relu, distribution =normal, bias=0 

backbone.layer4.1.conv.1.bn.weight - torch.Size([384]): 
The value is the same before and after calling `init_weights` of ImageClassifier  

backbone.layer4.1.conv.1.bn.bias - torch.Size([384]): 
The value is the same before and after calling `init_weights` of ImageClassifier  

backbone.layer4.1.conv.2.conv.weight - torch.Size([64, 384, 1, 1]): 
KaimingInit: a=0, mode=fan_out, nonlinearity=relu, distribution =normal, bias=0 

backbone.layer4.1.conv.2.bn.weight - torch.Size([64]): 
The value is the same before and after calling `init_weights` of ImageClassifier  

backbone.layer4.1.conv.2.bn.bias - torch.Size([64]): 
The value is the same before and after calling `init_weights` of ImageClassifier  

backbone.layer4.2.conv.0.conv.weight - torch.Size([384, 64, 1, 1]): 
KaimingInit: a=0, mode=fan_out, nonlinearity=relu, distribution =normal, bias=0 

backbone.layer4.2.conv.0.bn.weight - torch.Size([384]): 
The value is the same before and after calling `init_weights` of ImageClassifier  

backbone.layer4.2.conv.0.bn.bias - torch.Size([384]): 
The value is the same before and after calling `init_weights` of ImageClassifier  

backbone.layer4.2.conv.1.conv.weight - torch.Size([384, 1, 3, 3]): 
KaimingInit: a=0, mode=fan_out, nonlinearity=relu, distribution =normal, bias=0 

backbone.layer4.2.conv.1.bn.weight - torch.Size([384]): 
The value is the same before and after calling `init_weights` of ImageClassifier  

backbone.layer4.2.conv.1.bn.bias - torch.Size([384]): 
The value is the same before and after calling `init_weights` of ImageClassifier  

backbone.layer4.2.conv.2.conv.weight - torch.Size([64, 384, 1, 1]): 
KaimingInit: a=0, mode=fan_out, nonlinearity=relu, distribution =normal, bias=0 

backbone.layer4.2.conv.2.bn.weight - torch.Size([64]): 
The value is the same before and after calling `init_weights` of ImageClassifier  

backbone.layer4.2.conv.2.bn.bias - torch.Size([64]): 
The value is the same before and after calling `init_weights` of ImageClassifier  

backbone.layer4.3.conv.0.conv.weight - torch.Size([384, 64, 1, 1]): 
KaimingInit: a=0, mode=fan_out, nonlinearity=relu, distribution =normal, bias=0 

backbone.layer4.3.conv.0.bn.weight - torch.Size([384]): 
The value is the same before and after calling `init_weights` of ImageClassifier  

backbone.layer4.3.conv.0.bn.bias - torch.Size([384]): 
The value is the same before and after calling `init_weights` of ImageClassifier  

backbone.layer4.3.conv.1.conv.weight - torch.Size([384, 1, 3, 3]): 
KaimingInit: a=0, mode=fan_out, nonlinearity=relu, distribution =normal, bias=0 

backbone.layer4.3.conv.1.bn.weight - torch.Size([384]): 
The value is the same before and after calling `init_weights` of ImageClassifier  

backbone.layer4.3.conv.1.bn.bias - torch.Size([384]): 
The value is the same before and after calling `init_weights` of ImageClassifier  

backbone.layer4.3.conv.2.conv.weight - torch.Size([64, 384, 1, 1]): 
KaimingInit: a=0, mode=fan_out, nonlinearity=relu, distribution =normal, bias=0 

backbone.layer4.3.conv.2.bn.weight - torch.Size([64]): 
The value is the same before and after calling `init_weights` of ImageClassifier  

backbone.layer4.3.conv.2.bn.bias - torch.Size([64]): 
The value is the same before and after calling `init_weights` of ImageClassifier  

backbone.layer5.0.conv.0.conv.weight - torch.Size([384, 64, 1, 1]): 
KaimingInit: a=0, mode=fan_out, nonlinearity=relu, distribution =normal, bias=0 

backbone.layer5.0.conv.0.bn.weight - torch.Size([384]): 
The value is the same before and after calling `init_weights` of ImageClassifier  

backbone.layer5.0.conv.0.bn.bias - torch.Size([384]): 
The value is the same before and after calling `init_weights` of ImageClassifier  

backbone.layer5.0.conv.1.conv.weight - torch.Size([384, 1, 3, 3]): 
KaimingInit: a=0, mode=fan_out, nonlinearity=relu, distribution =normal, bias=0 

backbone.layer5.0.conv.1.bn.weight - torch.Size([384]): 
The value is the same before and after calling `init_weights` of ImageClassifier  

backbone.layer5.0.conv.1.bn.bias - torch.Size([384]): 
The value is the same before and after calling `init_weights` of ImageClassifier  

backbone.layer5.0.conv.2.conv.weight - torch.Size([96, 384, 1, 1]): 
KaimingInit: a=0, mode=fan_out, nonlinearity=relu, distribution =normal, bias=0 

backbone.layer5.0.conv.2.bn.weight - torch.Size([96]): 
The value is the same before and after calling `init_weights` of ImageClassifier  

backbone.layer5.0.conv.2.bn.bias - torch.Size([96]): 
The value is the same before and after calling `init_weights` of ImageClassifier  

backbone.layer5.1.conv.0.conv.weight - torch.Size([576, 96, 1, 1]): 
KaimingInit: a=0, mode=fan_out, nonlinearity=relu, distribution =normal, bias=0 

backbone.layer5.1.conv.0.bn.weight - torch.Size([576]): 
The value is the same before and after calling `init_weights` of ImageClassifier  

backbone.layer5.1.conv.0.bn.bias - torch.Size([576]): 
The value is the same before and after calling `init_weights` of ImageClassifier  

backbone.layer5.1.conv.1.conv.weight - torch.Size([576, 1, 3, 3]): 
KaimingInit: a=0, mode=fan_out, nonlinearity=relu, distribution =normal, bias=0 

backbone.layer5.1.conv.1.bn.weight - torch.Size([576]): 
The value is the same before and after calling `init_weights` of ImageClassifier  

backbone.layer5.1.conv.1.bn.bias - torch.Size([576]): 
The value is the same before and after calling `init_weights` of ImageClassifier  

backbone.layer5.1.conv.2.conv.weight - torch.Size([96, 576, 1, 1]): 
KaimingInit: a=0, mode=fan_out, nonlinearity=relu, distribution =normal, bias=0 

backbone.layer5.1.conv.2.bn.weight - torch.Size([96]): 
The value is the same before and after calling `init_weights` of ImageClassifier  

backbone.layer5.1.conv.2.bn.bias - torch.Size([96]): 
The value is the same before and after calling `init_weights` of ImageClassifier  

backbone.layer5.2.conv.0.conv.weight - torch.Size([576, 96, 1, 1]): 
KaimingInit: a=0, mode=fan_out, nonlinearity=relu, distribution =normal, bias=0 

backbone.layer5.2.conv.0.bn.weight - torch.Size([576]): 
The value is the same before and after calling `init_weights` of ImageClassifier  

backbone.layer5.2.conv.0.bn.bias - torch.Size([576]): 
The value is the same before and after calling `init_weights` of ImageClassifier  

backbone.layer5.2.conv.1.conv.weight - torch.Size([576, 1, 3, 3]): 
KaimingInit: a=0, mode=fan_out, nonlinearity=relu, distribution =normal, bias=0 

backbone.layer5.2.conv.1.bn.weight - torch.Size([576]): 
The value is the same before and after calling `init_weights` of ImageClassifier  

backbone.layer5.2.conv.1.bn.bias - torch.Size([576]): 
The value is the same before and after calling `init_weights` of ImageClassifier  

backbone.layer5.2.conv.2.conv.weight - torch.Size([96, 576, 1, 1]): 
KaimingInit: a=0, mode=fan_out, nonlinearity=relu, distribution =normal, bias=0 

backbone.layer5.2.conv.2.bn.weight - torch.Size([96]): 
The value is the same before and after calling `init_weights` of ImageClassifier  

backbone.layer5.2.conv.2.bn.bias - torch.Size([96]): 
The value is the same before and after calling `init_weights` of ImageClassifier  

backbone.layer6.0.conv.0.conv.weight - torch.Size([576, 96, 1, 1]): 
KaimingInit: a=0, mode=fan_out, nonlinearity=relu, distribution =normal, bias=0 

backbone.layer6.0.conv.0.bn.weight - torch.Size([576]): 
The value is the same before and after calling `init_weights` of ImageClassifier  

backbone.layer6.0.conv.0.bn.bias - torch.Size([576]): 
The value is the same before and after calling `init_weights` of ImageClassifier  

backbone.layer6.0.conv.1.conv.weight - torch.Size([576, 1, 3, 3]): 
KaimingInit: a=0, mode=fan_out, nonlinearity=relu, distribution =normal, bias=0 

backbone.layer6.0.conv.1.bn.weight - torch.Size([576]): 
The value is the same before and after calling `init_weights` of ImageClassifier  

backbone.layer6.0.conv.1.bn.bias - torch.Size([576]): 
The value is the same before and after calling `init_weights` of ImageClassifier  

backbone.layer6.0.conv.2.conv.weight - torch.Size([160, 576, 1, 1]): 
KaimingInit: a=0, mode=fan_out, nonlinearity=relu, distribution =normal, bias=0 

backbone.layer6.0.conv.2.bn.weight - torch.Size([160]): 
The value is the same before and after calling `init_weights` of ImageClassifier  

backbone.layer6.0.conv.2.bn.bias - torch.Size([160]): 
The value is the same before and after calling `init_weights` of ImageClassifier  

backbone.layer6.1.conv.0.conv.weight - torch.Size([960, 160, 1, 1]): 
KaimingInit: a=0, mode=fan_out, nonlinearity=relu, distribution =normal, bias=0 

backbone.layer6.1.conv.0.bn.weight - torch.Size([960]): 
The value is the same before and after calling `init_weights` of ImageClassifier  

backbone.layer6.1.conv.0.bn.bias - torch.Size([960]): 
The value is the same before and after calling `init_weights` of ImageClassifier  

backbone.layer6.1.conv.1.conv.weight - torch.Size([960, 1, 3, 3]): 
KaimingInit: a=0, mode=fan_out, nonlinearity=relu, distribution =normal, bias=0 

backbone.layer6.1.conv.1.bn.weight - torch.Size([960]): 
The value is the same before and after calling `init_weights` of ImageClassifier  

backbone.layer6.1.conv.1.bn.bias - torch.Size([960]): 
The value is the same before and after calling `init_weights` of ImageClassifier  

backbone.layer6.1.conv.2.conv.weight - torch.Size([160, 960, 1, 1]): 
KaimingInit: a=0, mode=fan_out, nonlinearity=relu, distribution =normal, bias=0 

backbone.layer6.1.conv.2.bn.weight - torch.Size([160]): 
The value is the same before and after calling `init_weights` of ImageClassifier  

backbone.layer6.1.conv.2.bn.bias - torch.Size([160]): 
The value is the same before and after calling `init_weights` of ImageClassifier  

backbone.layer6.2.conv.0.conv.weight - torch.Size([960, 160, 1, 1]): 
KaimingInit: a=0, mode=fan_out, nonlinearity=relu, distribution =normal, bias=0 

backbone.layer6.2.conv.0.bn.weight - torch.Size([960]): 
The value is the same before and after calling `init_weights` of ImageClassifier  

backbone.layer6.2.conv.0.bn.bias - torch.Size([960]): 
The value is the same before and after calling `init_weights` of ImageClassifier  

backbone.layer6.2.conv.1.conv.weight - torch.Size([960, 1, 3, 3]): 
KaimingInit: a=0, mode=fan_out, nonlinearity=relu, distribution =normal, bias=0 

backbone.layer6.2.conv.1.bn.weight - torch.Size([960]): 
The value is the same before and after calling `init_weights` of ImageClassifier  

backbone.layer6.2.conv.1.bn.bias - torch.Size([960]): 
The value is the same before and after calling `init_weights` of ImageClassifier  

backbone.layer6.2.conv.2.conv.weight - torch.Size([160, 960, 1, 1]): 
KaimingInit: a=0, mode=fan_out, nonlinearity=relu, distribution =normal, bias=0 

backbone.layer6.2.conv.2.bn.weight - torch.Size([160]): 
The value is the same before and after calling `init_weights` of ImageClassifier  

backbone.layer6.2.conv.2.bn.bias - torch.Size([160]): 
The value is the same before and after calling `init_weights` of ImageClassifier  

backbone.layer7.0.conv.0.conv.weight - torch.Size([960, 160, 1, 1]): 
KaimingInit: a=0, mode=fan_out, nonlinearity=relu, distribution =normal, bias=0 

backbone.layer7.0.conv.0.bn.weight - torch.Size([960]): 
The value is the same before and after calling `init_weights` of ImageClassifier  

backbone.layer7.0.conv.0.bn.bias - torch.Size([960]): 
The value is the same before and after calling `init_weights` of ImageClassifier  

backbone.layer7.0.conv.1.conv.weight - torch.Size([960, 1, 3, 3]): 
KaimingInit: a=0, mode=fan_out, nonlinearity=relu, distribution =normal, bias=0 

backbone.layer7.0.conv.1.bn.weight - torch.Size([960]): 
The value is the same before and after calling `init_weights` of ImageClassifier  

backbone.layer7.0.conv.1.bn.bias - torch.Size([960]): 
The value is the same before and after calling `init_weights` of ImageClassifier  

backbone.layer7.0.conv.2.conv.weight - torch.Size([320, 960, 1, 1]): 
KaimingInit: a=0, mode=fan_out, nonlinearity=relu, distribution =normal, bias=0 

backbone.layer7.0.conv.2.bn.weight - torch.Size([320]): 
The value is the same before and after calling `init_weights` of ImageClassifier  

backbone.layer7.0.conv.2.bn.bias - torch.Size([320]): 
The value is the same before and after calling `init_weights` of ImageClassifier  

backbone.conv2.conv.weight - torch.Size([1280, 320, 1, 1]): 
Initialized by user-defined `init_weights` in ConvModule  

backbone.conv2.bn.weight - torch.Size([1280]): 
The value is the same before and after calling `init_weights` of ImageClassifier  

backbone.conv2.bn.bias - torch.Size([1280]): 
The value is the same before and after calling `init_weights` of ImageClassifier  

head.fc.weight - torch.Size([5, 1280]): 
NormalInit: mean=0, std=0.01, bias=0 

head.fc.bias - torch.Size([5]): 
NormalInit: mean=0, std=0.01, bias=0 
2023-02-04 18:52:04,276 - mmcls - INFO - load checkpoint from local path: /root/mmclassification/work_dirs/mobilenet-v2_8xb32_flowercls/best.pth
2023-02-04 18:52:04,324 - mmcls - INFO - Start running, host: root@autodl-container-c03b118952-04070990, work_dir: /root/mmclassification/work_dirs/mobilenet-v2_8xb32_flowercls
2023-02-04 18:52:04,324 - mmcls - INFO - Hooks will be executed in the following order:
before_run:
(VERY_HIGH   ) StepLrUpdaterHook                  
(NORMAL      ) CheckpointHook                     
(LOW         ) EvalHook                           
(VERY_LOW    ) TextLoggerHook                     
 -------------------- 
before_train_epoch:
(VERY_HIGH   ) StepLrUpdaterHook                  
(LOW         ) IterTimerHook                      
(LOW         ) EvalHook                           
(VERY_LOW    ) TextLoggerHook                     
 -------------------- 
before_train_iter:
(VERY_HIGH   ) StepLrUpdaterHook                  
(LOW         ) IterTimerHook                      
(LOW         ) EvalHook                           
 -------------------- 
after_train_iter:
(ABOVE_NORMAL) OptimizerHook                      
(NORMAL      ) CheckpointHook                     
(LOW         ) IterTimerHook                      
(LOW         ) EvalHook                           
(VERY_LOW    ) TextLoggerHook                     
 -------------------- 
after_train_epoch:
(NORMAL      ) CheckpointHook                     
(LOW         ) EvalHook                           
(VERY_LOW    ) TextLoggerHook                     
 -------------------- 
before_val_epoch:
(LOW         ) IterTimerHook                      
(VERY_LOW    ) TextLoggerHook                     
 -------------------- 
before_val_iter:
(LOW         ) IterTimerHook                      
 -------------------- 
after_val_iter:
(LOW         ) IterTimerHook                      
 -------------------- 
after_val_epoch:
(VERY_LOW    ) TextLoggerHook                     
 -------------------- 
after_run:
(VERY_LOW    ) TextLoggerHook                     
 -------------------- 
2023-02-04 18:52:04,324 - mmcls - INFO - workflow: [('train', 1)], max: 10 epochs
2023-02-04 18:52:04,324 - mmcls - INFO - Checkpoints will be saved to /root/mmclassification/work_dirs/mobilenet-v2_8xb32_flowercls by HardDiskBackend.
2023-02-04 18:52:14,537 - mmcls - INFO - Epoch(val) [1][18]	accuracy_top-1: 93.3566, precision: 93.4993, f1_score: 93.3769
2023-02-04 18:52:23,742 - mmcls - INFO - Epoch(val) [2][18]	accuracy_top-1: 93.5315, precision: 93.6989, f1_score: 93.5747
2023-02-04 18:52:32,997 - mmcls - INFO - Epoch(val) [3][18]	accuracy_top-1: 93.5315, precision: 93.7355, f1_score: 93.5680
2023-02-04 18:52:42,190 - mmcls - INFO - Epoch(val) [4][18]	accuracy_top-1: 93.8811, precision: 94.0214, f1_score: 93.9066
2023-02-04 18:52:49,823 - mmcls - INFO - Saving checkpoint at 5 epochs
2023-02-04 18:52:51,364 - mmcls - INFO - Epoch(val) [5][18]	accuracy_top-1: 92.8322, precision: 93.1362, f1_score: 92.8826
2023-02-04 18:53:00,547 - mmcls - INFO - Epoch(val) [6][18]	accuracy_top-1: 94.0559, precision: 94.1211, f1_score: 94.0709
2023-02-04 18:53:09,632 - mmcls - INFO - Epoch(val) [7][18]	accuracy_top-1: 93.5315, precision: 93.7398, f1_score: 93.5715
2023-02-04 18:53:18,737 - mmcls - INFO - Epoch(val) [8][18]	accuracy_top-1: 93.3566, precision: 93.5833, f1_score: 93.4133
2023-02-04 18:53:27,832 - mmcls - INFO - Epoch(val) [9][18]	accuracy_top-1: 93.5315, precision: 93.7315, f1_score: 93.5351
2023-02-04 18:53:35,445 - mmcls - INFO - Saving checkpoint at 10 epochs
2023-02-04 18:53:36,945 - mmcls - INFO - Epoch(val) [10][18]	accuracy_top-1: 93.7063, precision: 93.8834, f1_score: 93.7396
